生成启动时间为 2017/5/25 14:19:49。
     1>项目“F:\RANJIEWEN\CLQ_C_code\HOG_SVM_OPENCV\HOG_SVM_OPENCV\HOG_SVM_OPENCV.vcxproj”在节点 2 上(Build 个目标)。
     1>ClCompile:
         D:\Program Files\Microsoft Visual Studio 12.0\VC\bin\x86_amd64\CL.exe /c /Zi /nologo /W3 /WX- /sdl /Od /D WIN32 /D _DEBUG /D _CONSOLE /D _LIB /D _UNICODE /D UNICODE /Gm /EHsc /RTC1 /MDd /GS /fp:precise /Zc:wchar_t /Zc:forScope /Fo"x64\Debug\\" /Fd"x64\Debug\vc120.pdb" /Gd /TP /errorReport:prompt main.cpp
         main.cpp
     1>D:\opencv_3.1\build\include\opencv2/core/mat.hpp(1965): warning C4819: 该文件包含不能在当前代码页(936)中表示的字符。请将该文件保存为 Unicode 格式以防止数据丢失
     1>D:\opencv_3.1\build\include\opencv2/core/persistence.hpp : warning C4819: 该文件包含不能在当前代码页(936)中表示的字符。请将该文件保存为 Unicode 格式以防止数据丢失
     1>D:\opencv_3.1\build\include\opencv2/core/utility.hpp : warning C4819: 该文件包含不能在当前代码页(936)中表示的字符。请将该文件保存为 Unicode 格式以防止数据丢失
     1>main.cpp(80): warning C4244: “初始化”: 从“int64”转换到“double”，可能丢失数据
     1>main.cpp(82): warning C4244: “初始化”: 从“int64”转换到“double”，可能丢失数据
     1>main.cpp(91): warning C4267: “参数”: 从“size_t”转换到“int”，可能丢失数据
     1>main.cpp(96): warning C4267: “参数”: 从“size_t”转换到“int”，可能丢失数据
     1>main.cpp(124): warning C4244: “初始化”: 从“double”转换到“float”，可能丢失数据
     1>main.cpp(26): warning C4101: “n”: 未引用的局部变量
     1>main.cpp(333): warning C4267: “参数”: 从“size_t”转换到“int”，可能丢失数据
     1>main.cpp(338): warning C4267: “参数”: 从“size_t”转换到“int”，可能丢失数据
     1>main.cpp(395): warning C4267: “参数”: 从“size_t”转换到“int”，可能丢失数据
     1>main.cpp(402): warning C4244: “初始化”: 从“float”转换到“int”，可能丢失数据
     1>main.cpp(277): warning C4101: “n”: 未引用的局部变量
       Link:
         D:\Program Files\Microsoft Visual Studio 12.0\VC\bin\x86_amd64\link.exe /ERRORREPORT:PROMPT /OUT:"F:\RANJIEWEN\CLQ_C_code\HOG_SVM_OPENCV\x64\Debug\HOG_SVM_OPENCV.exe" /INCREMENTAL /NOLOGO opencv_world310d.lib kernel32.lib user32.lib gdi32.lib winspool.lib comdlg32.lib advapi32.lib shell32.lib ole32.lib oleaut32.lib uuid.lib odbc32.lib odbccp32.lib /MANIFEST /MANIFESTUAC:"level='asInvoker' uiAccess='false'" /manifest:embed /DEBUG /PDB:"F:\RANJIEWEN\CLQ_C_code\HOG_SVM_OPENCV\x64\Debug\HOG_SVM_OPENCV.pdb" /SUBSYSTEM:CONSOLE /TLBID:1 /DYNAMICBASE /NXCOMPAT /IMPLIB:"F:\RANJIEWEN\CLQ_C_code\HOG_SVM_OPENCV\x64\Debug\HOG_SVM_OPENCV.lib" /MACHINE:X64 x64\Debug\main.obj
         HOG_SVM_OPENCV.vcxproj -> F:\RANJIEWEN\CLQ_C_code\HOG_SVM_OPENCV\x64\Debug\HOG_SVM_OPENCV.exe
     1>已完成生成项目“F:\RANJIEWEN\CLQ_C_code\HOG_SVM_OPENCV\HOG_SVM_OPENCV\HOG_SVM_OPENCV.vcxproj”(Build 个目标)的操作。

生成成功。

已用时间 00:00:02.95
